Построение начато 03.12.2019 15:22:49.
     1>Проект "C:\Users\21417\greben\GIT\calc\calc.vcxproj" в узле 2 (целевые объекты build).
     1>InitializeBuildStatus:
         Обращение к "Debug\calc.unsuccessfulbuild".
       ClCompile:
         Для всех выходных данных обновления не требуется.
         C:\Program Files\Microsoft Visual Studio 10.0\VC\bin\CL.exe /c /ZI /nologo /W3 /WX- /Od /Oy- /D WIN32 /D _DEBUG /D _CONSOLE /D _UNICODE /D UNICODE /Gm /EHsc /RTC1 /MDd /GS /fp:precise /Zc:wchar_t /Zc:forScope /Yu"StdAfx.h" /Fp"Debug\calc.pch" /Fo"Debug\\" /Fd"Debug\vc100.pdb" /Gd /TP /analyze- /errorReport:prompt calc.cpp
         calc.cpp
       ManifestResourceCompile:
         C:\Program Files\Microsoft SDKs\Windows\v7.0A\bin\rc.exe /nologo /fo"Debug\calc.exe.embed.manifest.res" Debug\calc_manifest.rc 
       Link:
         C:\Program Files\Microsoft Visual Studio 10.0\VC\bin\link.exe /ERRORREPORT:PROMPT /OUT:"C:\Users\21417\greben\GIT\calc\Debug\calc.exe" /INCREMENTAL /NOLOGO kernel32.lib user32.lib gdi32.lib winspool.lib comdlg32.lib advapi32.lib shell32.lib ole32.lib oleaut32.lib uuid.lib odbc32.lib odbccp32.lib /MANIFEST /ManifestFile:"Debug\calc.exe.intermediate.manifest" /MANIFESTUAC:"level='asInvoker' uiAccess='false'" /DEBUG /PDB:"C:\Users\21417\greben\GIT\calc\Debug\calc.pdb" /SUBSYSTEM:CONSOLE /TLBID:1 /DYNAMICBASE /NXCOMPAT /IMPLIB:"C:\Users\21417\greben\GIT\calc\Debug\calc.lib" /MACHINE:X86 Debug\calc.exe.embed.manifest.res
         Debug\calc.obj
         Debug\func.obj
         Debug\stdafx.obj
       Manifest:
         C:\Program Files\Microsoft SDKs\Windows\v7.0A\bin\mt.exe /nologo /verbose /out:"Debug\calc.exe.embed.manifest" /manifest Debug\calc.exe.intermediate.manifest
         C:\Program Files\Microsoft SDKs\Windows\v7.0A\bin\rc.exe /nologo /fo"Debug\calc.exe.embed.manifest.res" Debug\calc_manifest.rc 
       LinkEmbedManifest:
         C:\Program Files\Microsoft Visual Studio 10.0\VC\bin\link.exe /ERRORREPORT:PROMPT /OUT:"C:\Users\21417\greben\GIT\calc\Debug\calc.exe" /INCREMENTAL /NOLOGO kernel32.lib user32.lib gdi32.lib winspool.lib comdlg32.lib advapi32.lib shell32.lib ole32.lib oleaut32.lib uuid.lib odbc32.lib odbccp32.lib /MANIFEST /ManifestFile:"Debug\calc.exe.intermediate.manifest" /MANIFESTUAC:"level='asInvoker' uiAccess='false'" /DEBUG /PDB:"C:\Users\21417\greben\GIT\calc\Debug\calc.pdb" /SUBSYSTEM:CONSOLE /TLBID:1 /DYNAMICBASE /NXCOMPAT /IMPLIB:"C:\Users\21417\greben\GIT\calc\Debug\calc.lib" /MACHINE:X86 Debug\calc.exe.embed.manifest.res
         Debug\calc.obj
         Debug\func.obj
         Debug\stdafx.obj
         calc.vcxproj -> C:\Users\21417\greben\GIT\calc\Debug\calc.exe
       FinalizeBuildStatus:
         Файл "Debug\calc.unsuccessfulbuild" удаляется.
         Обращение к "Debug\calc.lastbuildstate".
     1>Построение проекта "C:\Users\21417\greben\GIT\calc\calc.vcxproj" завершено (целевые объекты build).

Построение успешно завершено.

Затраченное время: 00:00:01.34
